# JRE version: Java(TM) SE Runtime Environment (17.0.12+8) (build 17.0.12+8-LTS-286)
# Java VM: Java HotSpot(TM) 64-Bit Server VM (17.0.12+8-LTS-286, mixed mode, sharing, tiered, compressed oops, compressed class ptrs, g1 gc, windows-amd64)
GC Precious Log:
 CPUs: 12 total, 12 available
 Memory: 15724M
 Large Page Support: Disabled
 NUMA Support: Disabled
 Compressed Oops: Enabled (32-bit)
 Heap Region Size: 1M
 Heap Min Capacity: 512M
 Heap Initial Capacity: 512M
 Heap Max Capacity: 2G
 Pre-touch: Disabled
 Parallel Workers: 10
 Concurrent Workers: 3
 Concurrent Refinement Workers: 10
 Periodic GC: Disabled
Heap:
 garbage-first heap   total 524288K, used 101022K [0x0000000080000000, 0x0000000100000000)
  region size 1024K, 70 young (71680K), 17 survivors (17408K)
 Metaspace       used 52874K, committed 53504K, reserved 1114112K
  class space    used 7317K, committed 7616K, reserved 1048576K
GC Heap History (16 events):
Event: 0.285 GC heap before
{Heap before GC invocations=0 (full 0):
 garbage-first heap   total 524288K, used 24576K [0x0000000080000000, 0x0000000100000000)
  region size 1024K, 25 young (25600K), 0 survivors (0K)
 Metaspace       used 1074K, committed 1216K, reserved 1114112K
  class space    used 72K, committed 128K, reserved 1048576K
}
Event: 0.287 GC heap after
{Heap after GC invocations=1 (full 0):
 garbage-first heap   total 524288K, used 2732K [0x0000000080000000, 0x0000000100000000)
  region size 1024K, 3 young (3072K), 3 survivors (3072K)
 Metaspace       used 1074K, committed 1216K, reserved 1114112K
  class space    used 72K, committed 128K, reserved 1048576K
}
Event: 0.854 GC heap before
{Heap before GC invocations=1 (full 0):
 garbage-first heap   total 524288K, used 40620K [0x0000000080000000, 0x0000000100000000)
  region size 1024K, 38 young (38912K), 3 survivors (3072K)
 Metaspace       used 4369K, committed 4544K, reserved 1114112K
  class space    used 547K, committed 640K, reserved 1048576K
}
Event: 0.857 GC heap after
{Heap after GC invocations=2 (full 0):
 garbage-first heap   total 524288K, used 11244K [0x0000000080000000, 0x0000000100000000)
  region size 1024K, 5 young (5120K), 5 survivors (5120K)
 Metaspace       used 4369K, committed 4544K, reserved 1114112K
  class space    used 547K, committed 640K, reserved 1048576K
}
Event: 1.340 GC heap before
{Heap before GC invocations=2 (full 0):
 garbage-first heap   total 524288K, used 62444K [0x0000000080000000, 0x0000000100000000)
  region size 1024K, 53 young (54272K), 5 survivors (5120K)
 Metaspace       used 4968K, committed 5120K, reserved 1114112K
  class space    used 640K, committed 704K, reserved 1048576K
}
Event: 1.342 GC heap after
{Heap after GC invocations=3 (full 0):
 garbage-first heap   total 524288K, used 16399K [0x0000000080000000, 0x0000000100000000)
  region size 1024K, 5 young (5120K), 5 survivors (5120K)
 Metaspace       used 4968K, committed 5120K, reserved 1114112K
  class space    used 640K, committed 704K, reserved 1048576K
}
Event: 3.071 GC heap before
{Heap before GC invocations=3 (full 0):
 garbage-first heap   total 524288K, used 123919K [0x0000000080000000, 0x0000000100000000)
  region size 1024K, 111 young (113664K), 5 survivors (5120K)
 Metaspace       used 21143K, committed 21504K, reserved 1114112K
  class space    used 3070K, committed 3264K, reserved 1048576K
}
Event: 3.076 GC heap after
{Heap after GC invocations=4 (full 0):
 garbage-first heap   total 524288K, used 23838K [0x0000000080000000, 0x0000000100000000)
  region size 1024K, 12 young (12288K), 12 survivors (12288K)
 Metaspace       used 21143K, committed 21504K, reserved 1114112K
  class space    used 3070K, committed 3264K, reserved 1048576K
}
Event: 4.518 GC heap before
{Heap before GC invocations=5 (full 0):
 garbage-first heap   total 524288K, used 139550K [0x0000000080000000, 0x0000000100000000)
  region size 1024K, 120 young (122880K), 12 survivors (12288K)
 Metaspace       used 35580K, committed 35968K, reserved 1114112K
  class space    used 4811K, committed 4992K, reserved 1048576K
}
Event: 4.526 GC heap after
{Heap after GC invocations=6 (full 0):
 garbage-first heap   total 524288K, used 32406K [0x0000000080000000, 0x0000000100000000)
  region size 1024K, 20 young (20480K), 20 survivors (20480K)
 Metaspace       used 35580K, committed 35968K, reserved 1114112K
  class space    used 4811K, committed 4992K, reserved 1048576K
}
Event: 4.541 GC heap before
{Heap before GC invocations=6 (full 0):
 garbage-first heap   total 524288K, used 37526K [0x0000000080000000, 0x0000000100000000)
  region size 1024K, 25 young (25600K), 20 survivors (20480K)
 Metaspace       used 35614K, committed 36032K, reserved 1114112K
  class space    used 4816K, committed 4992K, reserved 1048576K
}
Event: 4.549 GC heap after
{Heap after GC invocations=7 (full 0):
 garbage-first heap   total 524288K, used 33273K [0x0000000080000000, 0x0000000100000000)
  region size 1024K, 2 young (2048K), 2 survivors (2048K)
 Metaspace       used 35614K, committed 36032K, reserved 1114112K
  class space    used 4816K, committed 4992K, reserved 1048576K
}
Event: 4.675 GC heap before
{Heap before GC invocations=7 (full 0):
 garbage-first heap   total 524288K, used 59897K [0x0000000080000000, 0x0000000100000000)
  region size 1024K, 29 young (29696K), 2 survivors (2048K)
 Metaspace       used 35841K, committed 36288K, reserved 1114112K
  class space    used 4847K, committed 5056K, reserved 1048576K
}
Event: 4.676 GC heap after
{Heap after GC invocations=8 (full 0):
 garbage-first heap   total 524288K, used 33243K [0x0000000080000000, 0x0000000100000000)
  region size 1024K, 2 young (2048K), 2 survivors (2048K)
 Metaspace       used 35841K, committed 36288K, reserved 1114112K
  class space    used 4847K, committed 5056K, reserved 1048576K
}
Event: 7.452 GC heap before
{Heap before GC invocations=9 (full 0):
 garbage-first heap   total 524288K, used 345563K [0x0000000080000000, 0x0000000100000000)
  region size 1024K, 307 young (314368K), 2 survivors (2048K)
 Metaspace       used 52179K, committed 52736K, reserved 1114112K
  class space    used 7230K, committed 7488K, reserved 1048576K
}
Event: 7.463 GC heap after
{Heap after GC invocations=10 (full 0):
 garbage-first heap   total 524288K, used 47774K [0x0000000080000000, 0x0000000100000000)
  region size 1024K, 17 young (17408K), 17 survivors (17408K)
 Metaspace       used 52179K, committed 52736K, reserved 1114112K
  class space    used 7230K, committed 7488K, reserved 1048576K
}

